[debug] [2020-10-25T13:06:24.777Z] ----------------------------------------------------------------------
[debug] [2020-10-25T13:06:24.779Z] Command:       C:\Program Files\nodejs\node.exe C:\Users\Mr.Pranjal\AppData\Roaming\npm\node_modules\firebase-tools\lib\bin\firebase.js emulators:start
[debug] [2020-10-25T13:06:24.779Z] CLI Version:   8.13.1
[debug] [2020-10-25T13:06:24.779Z] Platform:      win32
[debug] [2020-10-25T13:06:24.779Z] Node Version:  v12.19.0
[debug] [2020-10-25T13:06:24.780Z] Time:          Sun Oct 25 2020 18:36:24 GMT+0530 (India Standard Time)
[debug] [2020-10-25T13:06:24.780Z] ----------------------------------------------------------------------
[debug] [2020-10-25T13:06:24.781Z] 
[debug] [2020-10-25T13:06:24.788Z] > command requires scopes: ["email","openid","https://www.googleapis.com/auth/cloudplatformprojects.readonly","https://www.googleapis.com/auth/firebase","https://www.googleapis.com/auth/cloud-platform"]
[debug] [2020-10-25T13:06:24.789Z] > authorizing via signed-in user
[info] i  emulators: Starting emulators: functions, hosting {"metadata":{"emulator":{"name":"hub"},"message":"Starting emulators: functions, hosting"}}
[debug] [2020-10-25T13:06:24.840Z] [hub] writing locator at C:\Users\MR00A9~1.PRA\AppData\Local\Temp\hub-react-f6828.json
[warn] !  functions: The following emulators are not running, calls to these services from the Functions emulator will affect production: auth, firestore, database, pubsub {"metadata":{"emulator":{"name":"functions"},"message":"The following emulators are not running, calls to these services from the Functions emulator will affect production: \u001b[1mauth, firestore, database, pubsub\u001b[22m"}}
[info] +  functions: Using node@12 from host. {"metadata":{"emulator":{"name":"functions"},"message":"Using node@12 from host."}}
[debug] [2020-10-25T13:06:24.881Z] defaultcredentials: writing to file C:\Users\Mr.Pranjal\AppData\Roaming\firebase\pranjalmalkhede_gmail_com_application_default_credentials.json
[debug] [2020-10-25T13:06:24.887Z] Setting GAC to C:\Users\Mr.Pranjal\AppData\Roaming\firebase\pranjalmalkhede_gmail_com_application_default_credentials.json {"metadata":{"emulator":{"name":"functions"},"message":"Setting GAC to C:\\Users\\Mr.Pranjal\\AppData\\Roaming\\firebase\\pranjalmalkhede_gmail_com_application_default_credentials.json"}}
[debug] [2020-10-25T13:06:25.006Z] >>> HTTP REQUEST GET https://firebase.googleapis.com/v1beta1/projects/react-f6828/webApps/-/config  
 
[debug] [2020-10-25T13:06:26.392Z] <<< HTTP RESPONSE 200 {"content-type":"application/json; charset=UTF-8","vary":"X-Origin, Referer, Origin,Accept-Encoding","date":"Sun, 25 Oct 2020 13:07:05 GMT","server":"ESF","cache-control":"private","x-xss-protection":"0","x-frame-options":"SAMEORIGIN","x-content-type-options":"nosniff","alt-svc":"h3-Q050=\":443\"; ma=2592000,h3-29=\":443\"; ma=2592000,h3-T051=\":443\"; ma=2592000,h3-T050=\":443\"; ma=2592000,h3-Q046=\":443\"; ma=2592000,h3-Q043=\":443\"; ma=2592000,quic=\":443\"; ma=2592000; v=\"46,43\"","accept-ranges":"none","transfer-encoding":"chunked"}
[info] i  hosting[amzon-1234]: Serving hosting files from: build {"metadata":{"emulator":{"name":"hosting"},"message":"Serving hosting files from: \u001b[1mbuild\u001b[22m"}}
[info] +  hosting[amzon-1234]: Local server: http://localhost:5000 {"metadata":{"emulator":{"name":"hosting"},"message":"Local server: \u001b[4m\u001b[1mhttp://localhost:5000\u001b[22m\u001b[24m"}}
[debug] [2020-10-25T13:06:26.459Z] Ignoring unsupported arg: auto_download {"metadata":{"emulator":{"name":"ui"},"message":"Ignoring unsupported arg: auto_download"}}
[debug] [2020-10-25T13:06:26.460Z] Ignoring unsupported arg: port {"metadata":{"emulator":{"name":"ui"},"message":"Ignoring unsupported arg: port"}}
[debug] [2020-10-25T13:06:26.460Z] Starting Emulator UI with command {"binary":"node","args":["C:\\Users\\Mr.Pranjal\\.cache\\firebase\\emulators\\ui-v1.1.1\\server.bundle.js"],"optionalArgs":[],"joinArgs":false} {"metadata":{"emulator":{"name":"ui"},"message":"Starting Emulator UI with command {\"binary\":\"node\",\"args\":[\"C:\\\\Users\\\\Mr.Pranjal\\\\.cache\\\\firebase\\\\emulators\\\\ui-v1.1.1\\\\server.bundle.js\"],\"optionalArgs\":[],\"joinArgs\":false}"}}
[info] i  ui: Emulator UI logging to ui-debug.log {"metadata":{"emulator":{"name":"ui"},"message":"Emulator UI logging to \u001b[1mui-debug.log\u001b[22m"}}
[debug] [2020-10-25T13:06:26.625Z] Web / API server started at http://localhost:4000
 {"metadata":{"emulator":{"name":"ui"},"message":"Web / API server started at http://localhost:4000\n"}}
[info] i  functions: Watching "D:\projects\amazon\functions" for Cloud Functions... {"metadata":{"emulator":{"name":"functions"},"message":"Watching \"D:\\projects\\amazon\\functions\" for Cloud Functions..."}}
[debug] [2020-10-25T13:06:26.783Z] [worker-pool] addWorker(~diagnostic~) {"metadata":{"emulator":{"name":"functions"},"message":"[worker-pool] addWorker(~diagnostic~)"}}
[debug] [2020-10-25T13:06:26.783Z] [worker-pool] Adding worker with key ~diagnostic~, total=1 {"metadata":{"emulator":{"name":"functions"},"message":"[worker-pool] Adding worker with key ~diagnostic~, total=1"}}
[debug] [2020-10-25T13:06:26.784Z] [worker-pool] submitWork(triggerId=) {"metadata":{"emulator":{"name":"functions"},"message":"[worker-pool] submitWork(triggerId=)"}}
[debug] [2020-10-25T13:06:26.786Z] [worker-~diagnostic~-272e8551-9e0d-40c6-87d6-326fedc9576f]: Assigning socketPath: \\?\pipe\D:\projects\amazon\functions\6804 {"metadata":{"emulator":{"name":"functions"},"message":"[worker-~diagnostic~-272e8551-9e0d-40c6-87d6-326fedc9576f]: Assigning socketPath: \\\\?\\pipe\\D:\\projects\\amazon\\functions\\6804"}}
[debug] [2020-10-25T13:06:26.787Z] [worker-~diagnostic~-272e8551-9e0d-40c6-87d6-326fedc9576f]: BUSY {"metadata":{"emulator":{"name":"functions"},"message":"[worker-~diagnostic~-272e8551-9e0d-40c6-87d6-326fedc9576f]: BUSY"}}
[debug] [2020-10-25T13:06:27.192Z] [runtime-status] [6804] Functions runtime initialized. {"cwd":"D:\\projects\\amazon\\functions","node_version":"12.19.0"} {"metadata":{"emulator":{"name":"functions"},"message":"[runtime-status] [6804] Functions runtime initialized. {\"cwd\":\"D:\\\\projects\\\\amazon\\\\functions\",\"node_version\":\"12.19.0\"}"}}
[debug] [2020-10-25T13:06:27.197Z] [runtime-status] [6804] Disabled runtime features: undefined {"metadata":{"emulator":{"name":"functions"},"message":"[runtime-status] [6804] Disabled runtime features: undefined"}}
[debug] [2020-10-25T13:06:27.202Z] [runtime-status] [6804] Resolved module firebase-admin {"declared":true,"installed":true,"version":"9.3.0","resolution":"D:\\projects\\amazon\\functions\\node_modules\\firebase-admin\\lib\\index.js"} {"metadata":{"emulator":{"name":"functions"},"message":"[runtime-status] [6804] Resolved module firebase-admin {\"declared\":true,\"installed\":true,\"version\":\"9.3.0\",\"resolution\":\"D:\\\\projects\\\\amazon\\\\functions\\\\node_modules\\\\firebase-admin\\\\lib\\\\index.js\"}"}}
[debug] [2020-10-25T13:06:27.204Z] [runtime-status] [6804] Resolved module firebase-functions {"declared":true,"installed":true,"version":"3.11.0","resolution":"D:\\projects\\amazon\\functions\\node_modules\\firebase-functions\\lib\\index.js"} {"metadata":{"emulator":{"name":"functions"},"message":"[runtime-status] [6804] Resolved module firebase-functions {\"declared\":true,\"installed\":true,\"version\":\"3.11.0\",\"resolution\":\"D:\\\\projects\\\\amazon\\\\functions\\\\node_modules\\\\firebase-functions\\\\lib\\\\index.js\"}"}}
[debug] [2020-10-25T13:06:27.205Z] [runtime-status] [6804] Resolved module firebase-functions {"declared":true,"installed":true,"version":"3.11.0","resolution":"D:\\projects\\amazon\\functions\\node_modules\\firebase-functions\\lib\\index.js"} {"metadata":{"emulator":{"name":"functions"},"message":"[runtime-status] [6804] Resolved module firebase-functions {\"declared\":true,\"installed\":true,\"version\":\"3.11.0\",\"resolution\":\"D:\\\\projects\\\\amazon\\\\functions\\\\node_modules\\\\firebase-functions\\\\lib\\\\index.js\"}"}}
[debug] [2020-10-25T13:06:27.206Z] [runtime-status] [6804] Outgoing network have been stubbed. [{"name":"http","status":"mocked"},{"name":"http","status":"mocked"},{"name":"https","status":"mocked"},{"name":"https","status":"mocked"},{"name":"net","status":"mocked"}] {"metadata":{"emulator":{"name":"functions"},"message":"[runtime-status] [6804] Outgoing network have been stubbed. [{\"name\":\"http\",\"status\":\"mocked\"},{\"name\":\"http\",\"status\":\"mocked\"},{\"name\":\"https\",\"status\":\"mocked\"},{\"name\":\"https\",\"status\":\"mocked\"},{\"name\":\"net\",\"status\":\"mocked\"}]"}}
[debug] [2020-10-25T13:06:27.207Z] [runtime-status] [6804] Resolved module firebase-functions {"declared":true,"installed":true,"version":"3.11.0","resolution":"D:\\projects\\amazon\\functions\\node_modules\\firebase-functions\\lib\\index.js"} {"metadata":{"emulator":{"name":"functions"},"message":"[runtime-status] [6804] Resolved module firebase-functions {\"declared\":true,\"installed\":true,\"version\":\"3.11.0\",\"resolution\":\"D:\\\\projects\\\\amazon\\\\functions\\\\node_modules\\\\firebase-functions\\\\lib\\\\index.js\"}"}}
[debug] [2020-10-25T13:06:27.248Z] [runtime-status] [6804] Checked functions.config() {"config":{}} {"metadata":{"emulator":{"name":"functions"},"message":"[runtime-status] [6804] Checked functions.config() {\"config\":{}}"}}
[debug] [2020-10-25T13:06:27.248Z] [runtime-status] [6804] firebase-functions has been stubbed. {"functionsResolution":{"declared":true,"installed":true,"version":"3.11.0","resolution":"D:\\projects\\amazon\\functions\\node_modules\\firebase-functions\\lib\\index.js"}} {"metadata":{"emulator":{"name":"functions"},"message":"[runtime-status] [6804] firebase-functions has been stubbed. {\"functionsResolution\":{\"declared\":true,\"installed\":true,\"version\":\"3.11.0\",\"resolution\":\"D:\\\\projects\\\\amazon\\\\functions\\\\node_modules\\\\firebase-functions\\\\lib\\\\index.js\"}}"}}
[debug] [2020-10-25T13:06:27.249Z] [runtime-status] [6804] Resolved module firebase-functions {"declared":true,"installed":true,"version":"3.11.0","resolution":"D:\\projects\\amazon\\functions\\node_modules\\firebase-functions\\lib\\index.js"} {"metadata":{"emulator":{"name":"functions"},"message":"[runtime-status] [6804] Resolved module firebase-functions {\"declared\":true,\"installed\":true,\"version\":\"3.11.0\",\"resolution\":\"D:\\\\projects\\\\amazon\\\\functions\\\\node_modules\\\\firebase-functions\\\\lib\\\\index.js\"}"}}
[debug] [2020-10-25T13:06:27.250Z] [runtime-status] [6804] Resolved module firebase-admin {"declared":true,"installed":true,"version":"9.3.0","resolution":"D:\\projects\\amazon\\functions\\node_modules\\firebase-admin\\lib\\index.js"} {"metadata":{"emulator":{"name":"functions"},"message":"[runtime-status] [6804] Resolved module firebase-admin {\"declared\":true,\"installed\":true,\"version\":\"9.3.0\",\"resolution\":\"D:\\\\projects\\\\amazon\\\\functions\\\\node_modules\\\\firebase-admin\\\\lib\\\\index.js\"}"}}
[debug] [2020-10-25T13:06:27.251Z] [runtime-status] [6804] Resolved module firebase-functions {"declared":true,"installed":true,"version":"3.11.0","resolution":"D:\\projects\\amazon\\functions\\node_modules\\firebase-functions\\lib\\index.js"} {"metadata":{"emulator":{"name":"functions"},"message":"[runtime-status] [6804] Resolved module firebase-functions {\"declared\":true,\"installed\":true,\"version\":\"3.11.0\",\"resolution\":\"D:\\\\projects\\\\amazon\\\\functions\\\\node_modules\\\\firebase-functions\\\\lib\\\\index.js\"}"}}
[debug] [2020-10-25T13:06:27.251Z] [runtime-status] [6804] firebase-admin has been stubbed. {"adminResolution":{"declared":true,"installed":true,"version":"9.3.0","resolution":"D:\\projects\\amazon\\functions\\node_modules\\firebase-admin\\lib\\index.js"}} {"metadata":{"emulator":{"name":"functions"},"message":"[runtime-status] [6804] firebase-admin has been stubbed. {\"adminResolution\":{\"declared\":true,\"installed\":true,\"version\":\"9.3.0\",\"resolution\":\"D:\\\\projects\\\\amazon\\\\functions\\\\node_modules\\\\firebase-admin\\\\lib\\\\index.js\"}}"}}
[info] +  functions[api]: http function initialized (http://localhost:5001/react-f6828/us-central1/api). {"metadata":{"emulator":{"name":"functions"},"message":"\u001b[1mhttp\u001b[22m function initialized (http://localhost:5001/react-f6828/us-central1/api)."}}
[info] 
┌───────────────────────────────────────────────────────────────────────┐
│ ✔  All emulators ready! View status and logs at http://localhost:4000 │
└───────────────────────────────────────────────────────────────────────┘

┌───────────┬────────────────┬─────────────────────────────────┐
│ Emulator  │ Host:Port      │ View in Emulator UI             │
├───────────┼────────────────┼─────────────────────────────────┤
│ Functions │ localhost:5001 │ http://localhost:4000/functions │
├───────────┼────────────────┼─────────────────────────────────┤
│ Hosting   │ localhost:5000 │ n/a                             │
└───────────┴────────────────┴─────────────────────────────────┘
  Other reserved ports: 4400, 4500

Issues? Report them at https://github.com/firebase/firebase-tools/issues and attach the *-debug.log files.
 
[debug] [2020-10-25T13:06:27.406Z] [worker-~diagnostic~-272e8551-9e0d-40c6-87d6-326fedc9576f]: IDLE {"metadata":{"emulator":{"name":"functions"},"message":"[worker-~diagnostic~-272e8551-9e0d-40c6-87d6-326fedc9576f]: IDLE"}}
[debug] [2020-10-25T13:06:31.229Z] [work-queue] {"queueLength":1,"workRunningCount":0}
[debug] [2020-10-25T13:06:31.231Z] [work-queue] {"queueLength":0,"workRunningCount":1}
[debug] [2020-10-25T13:06:31.231Z] Accepted request GET /react-f6828/us-central1/api --> api
[debug] [2020-10-25T13:06:31.236Z] [worker-pool] addWorker(api) {"metadata":{"emulator":{"name":"functions"},"message":"[worker-pool] addWorker(api)"}}
[debug] [2020-10-25T13:06:31.236Z] [worker-pool] Adding worker with key api, total=1 {"metadata":{"emulator":{"name":"functions"},"message":"[worker-pool] Adding worker with key api, total=1"}}
[debug] [2020-10-25T13:06:31.237Z] [worker-pool] submitWork(triggerId=api) {"metadata":{"emulator":{"name":"functions"},"message":"[worker-pool] submitWork(triggerId=api)"}}
[debug] [2020-10-25T13:06:31.237Z] [worker-api-abd3460a-8152-40a7-b899-ec94ad3b7e10]: Assigning socketPath: \\?\pipe\D:\projects\amazon\functions\3244 {"metadata":{"emulator":{"name":"functions"},"message":"[worker-api-abd3460a-8152-40a7-b899-ec94ad3b7e10]: Assigning socketPath: \\\\?\\pipe\\D:\\projects\\amazon\\functions\\3244"}}
[debug] [2020-10-25T13:06:31.237Z] [worker-api-abd3460a-8152-40a7-b899-ec94ad3b7e10]: BUSY {"metadata":{"emulator":{"name":"functions"},"message":"[worker-api-abd3460a-8152-40a7-b899-ec94ad3b7e10]: BUSY"}}
[debug] [2020-10-25T13:06:31.796Z] [runtime-status] [3244] Functions runtime initialized. {"cwd":"D:\\projects\\amazon\\functions","node_version":"12.19.0"} {"metadata":{"emulator":{"name":"functions"},"function":{"name":"api"},"message":"[runtime-status] [3244] Functions runtime initialized. {\"cwd\":\"D:\\\\projects\\\\amazon\\\\functions\",\"node_version\":\"12.19.0\"}"}}
[debug] [2020-10-25T13:06:31.802Z] [runtime-status] [3244] Disabled runtime features: undefined {"metadata":{"emulator":{"name":"functions"},"function":{"name":"api"},"message":"[runtime-status] [3244] Disabled runtime features: undefined"}}
[debug] [2020-10-25T13:06:31.805Z] [runtime-status] [3244] Resolved module firebase-admin {"declared":true,"installed":true,"version":"9.3.0","resolution":"D:\\projects\\amazon\\functions\\node_modules\\firebase-admin\\lib\\index.js"} {"metadata":{"emulator":{"name":"functions"},"function":{"name":"api"},"message":"[runtime-status] [3244] Resolved module firebase-admin {\"declared\":true,\"installed\":true,\"version\":\"9.3.0\",\"resolution\":\"D:\\\\projects\\\\amazon\\\\functions\\\\node_modules\\\\firebase-admin\\\\lib\\\\index.js\"}"}}
[debug] [2020-10-25T13:06:31.811Z] [runtime-status] [3244] Resolved module firebase-functions {"declared":true,"installed":true,"version":"3.11.0","resolution":"D:\\projects\\amazon\\functions\\node_modules\\firebase-functions\\lib\\index.js"} {"metadata":{"emulator":{"name":"functions"},"function":{"name":"api"},"message":"[runtime-status] [3244] Resolved module firebase-functions {\"declared\":true,\"installed\":true,\"version\":\"3.11.0\",\"resolution\":\"D:\\\\projects\\\\amazon\\\\functions\\\\node_modules\\\\firebase-functions\\\\lib\\\\index.js\"}"}}
[debug] [2020-10-25T13:06:31.812Z] [runtime-status] [3244] Resolved module firebase-functions {"declared":true,"installed":true,"version":"3.11.0","resolution":"D:\\projects\\amazon\\functions\\node_modules\\firebase-functions\\lib\\index.js"} {"metadata":{"emulator":{"name":"functions"},"function":{"name":"api"},"message":"[runtime-status] [3244] Resolved module firebase-functions {\"declared\":true,\"installed\":true,\"version\":\"3.11.0\",\"resolution\":\"D:\\\\projects\\\\amazon\\\\functions\\\\node_modules\\\\firebase-functions\\\\lib\\\\index.js\"}"}}
[debug] [2020-10-25T13:06:31.814Z] [runtime-status] [3244] Outgoing network have been stubbed. [{"name":"http","status":"mocked"},{"name":"http","status":"mocked"},{"name":"https","status":"mocked"},{"name":"https","status":"mocked"},{"name":"net","status":"mocked"}] {"metadata":{"emulator":{"name":"functions"},"function":{"name":"api"},"message":"[runtime-status] [3244] Outgoing network have been stubbed. [{\"name\":\"http\",\"status\":\"mocked\"},{\"name\":\"http\",\"status\":\"mocked\"},{\"name\":\"https\",\"status\":\"mocked\"},{\"name\":\"https\",\"status\":\"mocked\"},{\"name\":\"net\",\"status\":\"mocked\"}]"}}
[debug] [2020-10-25T13:06:31.815Z] [runtime-status] [3244] Resolved module firebase-functions {"declared":true,"installed":true,"version":"3.11.0","resolution":"D:\\projects\\amazon\\functions\\node_modules\\firebase-functions\\lib\\index.js"} {"metadata":{"emulator":{"name":"functions"},"function":{"name":"api"},"message":"[runtime-status] [3244] Resolved module firebase-functions {\"declared\":true,\"installed\":true,\"version\":\"3.11.0\",\"resolution\":\"D:\\\\projects\\\\amazon\\\\functions\\\\node_modules\\\\firebase-functions\\\\lib\\\\index.js\"}"}}
[debug] [2020-10-25T13:06:31.862Z] [runtime-status] [3244] Checked functions.config() {"config":{}} {"metadata":{"emulator":{"name":"functions"},"function":{"name":"api"},"message":"[runtime-status] [3244] Checked functions.config() {\"config\":{}}"}}
[debug] [2020-10-25T13:06:31.863Z] [runtime-status] [3244] firebase-functions has been stubbed. {"functionsResolution":{"declared":true,"installed":true,"version":"3.11.0","resolution":"D:\\projects\\amazon\\functions\\node_modules\\firebase-functions\\lib\\index.js"}} {"metadata":{"emulator":{"name":"functions"},"function":{"name":"api"},"message":"[runtime-status] [3244] firebase-functions has been stubbed. {\"functionsResolution\":{\"declared\":true,\"installed\":true,\"version\":\"3.11.0\",\"resolution\":\"D:\\\\projects\\\\amazon\\\\functions\\\\node_modules\\\\firebase-functions\\\\lib\\\\index.js\"}}"}}
[debug] [2020-10-25T13:06:31.863Z] [runtime-status] [3244] Resolved module firebase-functions {"declared":true,"installed":true,"version":"3.11.0","resolution":"D:\\projects\\amazon\\functions\\node_modules\\firebase-functions\\lib\\index.js"} {"metadata":{"emulator":{"name":"functions"},"function":{"name":"api"},"message":"[runtime-status] [3244] Resolved module firebase-functions {\"declared\":true,\"installed\":true,\"version\":\"3.11.0\",\"resolution\":\"D:\\\\projects\\\\amazon\\\\functions\\\\node_modules\\\\firebase-functions\\\\lib\\\\index.js\"}"}}
[debug] [2020-10-25T13:06:31.865Z] [runtime-status] [3244] Resolved module firebase-admin {"declared":true,"installed":true,"version":"9.3.0","resolution":"D:\\projects\\amazon\\functions\\node_modules\\firebase-admin\\lib\\index.js"} {"metadata":{"emulator":{"name":"functions"},"function":{"name":"api"},"message":"[runtime-status] [3244] Resolved module firebase-admin {\"declared\":true,\"installed\":true,\"version\":\"9.3.0\",\"resolution\":\"D:\\\\projects\\\\amazon\\\\functions\\\\node_modules\\\\firebase-admin\\\\lib\\\\index.js\"}"}}
[debug] [2020-10-25T13:06:31.865Z] [runtime-status] [3244] Resolved module firebase-functions {"declared":true,"installed":true,"version":"3.11.0","resolution":"D:\\projects\\amazon\\functions\\node_modules\\firebase-functions\\lib\\index.js"} {"metadata":{"emulator":{"name":"functions"},"function":{"name":"api"},"message":"[runtime-status] [3244] Resolved module firebase-functions {\"declared\":true,\"installed\":true,\"version\":\"3.11.0\",\"resolution\":\"D:\\\\projects\\\\amazon\\\\functions\\\\node_modules\\\\firebase-functions\\\\lib\\\\index.js\"}"}}
[debug] [2020-10-25T13:06:31.865Z] [runtime-status] [3244] firebase-admin has been stubbed. {"adminResolution":{"declared":true,"installed":true,"version":"9.3.0","resolution":"D:\\projects\\amazon\\functions\\node_modules\\firebase-admin\\lib\\index.js"}} {"metadata":{"emulator":{"name":"functions"},"function":{"name":"api"},"message":"[runtime-status] [3244] firebase-admin has been stubbed. {\"adminResolution\":{\"declared\":true,\"installed\":true,\"version\":\"9.3.0\",\"resolution\":\"D:\\\\projects\\\\amazon\\\\functions\\\\node_modules\\\\firebase-admin\\\\lib\\\\index.js\"}}"}}
[debug] [2020-10-25T13:06:32.026Z] [runtime-status] [3244] Trigger "api" has been found, beginning invocation! {"metadata":{"emulator":{"name":"functions"},"function":{"name":"api"},"message":"[runtime-status] [3244] Trigger \"api\" has been found, beginning invocation!"}}
[info] i  functions: Beginning execution of "api" {"metadata":{"emulator":{"name":"functions"},"function":{"name":"api"},"message":"Beginning execution of \"api\""}}
[debug] [2020-10-25T13:06:32.027Z] [runtime-status] [3244] triggerDefinition {"httpsTrigger":{},"name":"api","entryPoint":"api"} {"metadata":{"emulator":{"name":"functions"},"function":{"name":"api"},"message":"[runtime-status] [3244] triggerDefinition {\"httpsTrigger\":{},\"name\":\"api\",\"entryPoint\":\"api\"}"}}
[debug] [2020-10-25T13:06:32.027Z] [runtime-status] [3244] Running api in mode HTTPS {"metadata":{"emulator":{"name":"functions"},"function":{"name":"api"},"message":"[runtime-status] [3244] Running api in mode HTTPS"}}
[debug] [2020-10-25T13:06:32.031Z] [runtime-status] [3244] Attempting to listen to socketPath: \\?\pipe\D:\projects\amazon\functions\3244 {"metadata":{"emulator":{"name":"functions"},"function":{"name":"api"},"message":"[runtime-status] [3244] Attempting to listen to socketPath: \\\\?\\pipe\\D:\\projects\\amazon\\functions\\3244"}}
[debug] [2020-10-25T13:06:32.034Z] [functions] Runtime ready! Sending request! {"metadata":{"emulator":{"name":"functions"},"message":"[functions] Runtime ready! Sending request!"}}
[debug] [2020-10-25T13:06:32.043Z] [runtime-status] [3244] Ephemeral server handling GET request {"metadata":{"emulator":{"name":"functions"},"function":{"name":"api"},"message":"[runtime-status] [3244] Ephemeral server handling GET request"}}
[debug] [2020-10-25T13:06:32.053Z] [runtime-status] [3244] Ephemeral server survived. {"metadata":{"emulator":{"name":"functions"},"function":{"name":"api"},"message":"[runtime-status] [3244] Ephemeral server survived."}}
[info] i  functions: Finished "api" in ~1s {"metadata":{"emulator":{"name":"functions"},"function":{"name":"api"},"message":"Finished \"api\" in ~1s"}}
[debug] [2020-10-25T13:06:32.059Z] [worker-api-abd3460a-8152-40a7-b899-ec94ad3b7e10]: IDLE {"metadata":{"emulator":{"name":"functions"},"message":"[worker-api-abd3460a-8152-40a7-b899-ec94ad3b7e10]: IDLE"}}
[debug] [2020-10-25T13:06:32.060Z] [work-queue] {"queueLength":0,"workRunningCount":0}
[debug] [2020-10-25T13:06:32.291Z] Functions emulator received unknown request at path /favicon.ico
